<?xml version="1.0" encoding="UTF-8"?>
<!-- Generated by org.testng.reporters.JUnitXMLReporter -->
<testsuite hostname="IBM-Testing05" name="Default test" tests="3" failures="0" timestamp="8 Jul 2018 09:16:46 GMT" time="6.173" errors="0">
  <testcase name="login" time="2.638" classname="com.messages.MessageCategory_Test"/>
  <testcase name="messageCategoryValidation" time="0.909" classname="com.messages.MessageCategory_Test"/>
  <testcase name="deleteCategory" time="2.596" classname="com.messages.MessageCategory_Test"/>
</testsuite> <!-- Default test -->
